0 info it worked if it ends with ok
1 verbose cli [ 'C:\\Program Files\\nodejs\\node.exe',
1 verbose cli   'C:\\Program Files\\nodejs\\node_modules\\npm\\bin\\npm-cli.js',
1 verbose cli   'run',
1 verbose cli   'lint' ]
2 info using npm@3.9.3
3 info using node@v6.2.1
4 verbose run-script [ 'prelint', 'lint', 'postlint' ]
5 info lifecycle Planejamento@1.0.0~prelint: Planejamento@1.0.0
6 silly lifecycle Planejamento@1.0.0~prelint: no script for prelint, continuing
7 info lifecycle Planejamento@1.0.0~lint: Planejamento@1.0.0
8 verbose lifecycle Planejamento@1.0.0~lint: unsafe-perm in lifecycle true
9 verbose lifecycle Planejamento@1.0.0~lint: PATH: C:\Program Files\nodejs\node_modules\npm\bin\node-gyp-bin;C:\Users\Administrador\Desktop\Planejamento\node_modules\.bin;C:\Program Files\nodejs;C:\Users\Administrador\bin;C:\Program Files\Git\mingw64\bin;C:\Program Files\Git\usr\local\bin;C:\Program Files\Git\usr\bin;C:\Program Files\Git\usr\bin;C:\Program Files\Git\mingw64\bin;C:\Program Files\Git\usr\bin;C:\Users\Administrador\bin;C:\ProgramData\Oracle\Java\javapath;C:\Program Files (x86)\NVIDIA Corporation\PhysX\Common;C:\Windows\system32;C:\Windows;C:\Windows\System32\Wbem;C:\Windows\System32\WindowsPowerShell\v1.0;C:\Program Files\Intel\WiFi\bin;C:\Program Files\Common Files\Intel\WirelessCommon;C:\Program Files\WIDCOMM\Bluetooth Software;C:\Program Files\WIDCOMM\Bluetooth Software\syswow64;C:\Program Files\Broadcom\WHL;C:\Program Files\Broadcom\WHL\syswow64;C:\Program Files\Broadcom\WHL\SysWow64;C:\Program Files\Broadcom\WHL\SysWow64\syswow64;C:\Program Files (x86)\Skype\Phone;C:\xampp\php;C:\ProgramData\ComposerSetup\bin;C:\Program Files (x86)\GtkSharp\2.12\bin;C:\Program Files\nodejs;C:\Users\Administrador\AppData\Roaming\npm;C:\Users\Administrador\AppData\Local\atom\bin;C:\Program Files\Git\usr\bin\vendor_perl;C:\Program Files\Git\usr\bin\core_perl
10 verbose lifecycle Planejamento@1.0.0~lint: CWD: C:\Users\Administrador\Desktop\Planejamento
11 silly lifecycle Planejamento@1.0.0~lint: Args: [ '/d /s /c', 'esw webpack.config.* src/**/*.js' ]
12 silly lifecycle Planejamento@1.0.0~lint: Returned: code: 1  signal: null
13 info lifecycle Planejamento@1.0.0~lint: Failed to exec lint script
14 verbose stack Error: Planejamento@1.0.0 lint: `esw webpack.config.* src/**/*.js`
14 verbose stack Exit status 1
14 verbose stack     at EventEmitter.<anonymous> (C:\Program Files\nodejs\node_modules\npm\lib\utils\lifecycle.js:245:16)
14 verbose stack     at emitTwo (events.js:106:13)
14 verbose stack     at EventEmitter.emit (events.js:191:7)
14 verbose stack     at ChildProcess.<anonymous> (C:\Program Files\nodejs\node_modules\npm\lib\utils\spawn.js:24:14)
14 verbose stack     at emitTwo (events.js:106:13)
14 verbose stack     at ChildProcess.emit (events.js:191:7)
14 verbose stack     at maybeClose (internal/child_process.js:852:16)
14 verbose stack     at Process.ChildProcess._handle.onexit (internal/child_process.js:215:5)
15 verbose pkgid Planejamento@1.0.0
16 verbose cwd C:\Users\Administrador\Desktop\Planejamento
17 error Windows_NT 6.1.7600
18 error argv "C:\\Program Files\\nodejs\\node.exe" "C:\\Program Files\\nodejs\\node_modules\\npm\\bin\\npm-cli.js" "run" "lint"
19 error node v6.2.1
20 error npm  v3.9.3
21 error code ELIFECYCLE
22 error Planejamento@1.0.0 lint: `esw webpack.config.* src/**/*.js`
22 error Exit status 1
23 error Failed at the Planejamento@1.0.0 lint script 'esw webpack.config.* src/**/*.js'.
23 error Make sure you have the latest version of node.js and npm installed.
23 error If you do, this is most likely a problem with the Planejamento package,
23 error not with npm itself.
23 error Tell the author that this fails on your system:
23 error     esw webpack.config.* src/**/*.js
23 error You can get information on how to open an issue for this project with:
23 error     npm bugs Planejamento
23 error Or if that isn't available, you can get their info via:
23 error     npm owner ls Planejamento
23 error There is likely additional logging output above.
24 verbose exit [ 1, true ]
